#
# A fatal error has been detected by the Java Runtime Environment:
#
#  EXCEPTION_ACCESS_VIOLATION (0xc0000005) at pc=0x00007ffd213418cc, pid=18324, tid=14512
#
# JRE version: OpenJDK Runtime Environment Zulu21.44+17-CA (21.0.8+9) (build 21.0.8+9-LTS)
# Java VM: OpenJDK 64-Bit Server VM Zulu21.44+17-CA (21.0.8+9-LTS, mixed mode, sharing, tiered, compressed oops, compressed class ptrs, g1 gc, windows-amd64)
# Problematic frame:
# V  [jvm.dll+0x4718cc]
#
# No core dump will be written. Minidumps are not enabled by default on client versions of Windows
#
# If you would like to submit a bug report, please visit:
#   http://www.azul.com/support/
#

---------------  S U M M A R Y ------------

Command Line: -javaagent:C:\Program Files\JetBrains\IntelliJ IDEA Community Edition 2023.2.2\lib\idea_rt.jar=59639:C:\Program Files\JetBrains\IntelliJ IDEA Community Edition 2023.2.2\bin -Dfile.encoding=UTF-8 -Dsun.stdout.encoding=UTF-8 -Dsun.stderr.encoding=UTF-8 --module-path=C:\Users\berra\.m2\repository\org\openjfx\javafx-base\23\javafx-base-23-win.jar;C:\Users\berra\.m2\repository\org\openjfx\javafx-graphics\21-ea+24\javafx-graphics-21-ea+24-win.jar;C:\Users\berra\OneDrive\Masaüstü\410-github\potentiometer\target\classes;C:\Users\berra\.m2\repository\org\openjfx\javafx-fxml\21-ea+24\javafx-fxml-21-ea+24-win.jar;C:\Users\berra\.m2\repository\org\openjfx\javafx-controls\21-ea+24\javafx-controls-21-ea+24-win.jar;C:\Users\berra\.m2\repository\com\fazecast\jSerialComm\2.10.4\jSerialComm-2.10.4.jar -Djdk.module.main=com.example.potentiometer com.example.potentiometer/com.example.potentiometer.HelloApplication

Host: 11th Gen Intel(R) Core(TM) i5-1155G7 @ 2.50GHz, 8 cores, 7G,  Windows 11 , 64 bit Build 22621 (10.0.22621.5415)
Time: Fri Aug 22 15:32:29 2025 Türkiye Standart Saati elapsed time: 0.349542 seconds (0d 0h 0m 0s)

---------------  T H R E A D  ---------------

Current thread (0x000001a9dc22e050):  JavaThread "main"             [_thread_in_vm, id=14512, stack(0x0000007c5a800000,0x0000007c5a900000) (1024K)]

Stack: [0x0000007c5a800000,0x0000007c5a900000],  sp=0x0000007c5a8fe7f0,  free space=1017k
Native frames: (J=compiled Java code, j=interpreted, Vv=VM code, C=native code)
V  [jvm.dll+0x4718cc]
C  [jSerialComm.dll+0x460a]

Java frames: (J=compiled Java code, j=interpreted, Vv=VM code)
j  com.fazecast.jSerialComm.SerialPort.readBytes(J[BIIII)I+0 com.fazecast.jSerialComm
j  com.fazecast.jSerialComm.SerialPort.readBytes([BI)I+54 com.fazecast.jSerialComm
j  com.example.potentiometer.HelloApplication.main([Ljava/lang/String;)V+107 com.example.potentiometer
j  java.lang.invoke.LambdaForm$DMH+0x000001a981006000.invokeStatic(Ljava/lang/Object;Ljava/lang/Object;)V+10 java.base@21.0.8
j  java.lang.invoke.LambdaForm$MH+0x000001a981090400.invoke(Ljava/lang/Object;Ljava/lang/Object;Ljava/lang/Object;)Ljava/lang/Object;+33 java.base@21.0.8
j  java.lang.invoke.Invokers$Holder.invokeExact_MT(Ljava/lang/Object;Ljava/lang/Object;Ljava/lang/Object;Ljava/lang/Object;)Ljava/lang/Object;+20 java.base@21.0.8
j  jdk.internal.reflect.DirectMethodHandleAccessor.invokeImpl(Ljava/lang/Object;[Ljava/lang/Object;)Ljava/lang/Object;+55 java.base@21.0.8
j  jdk.internal.reflect.DirectMethodHandleAccessor.invoke(Ljava/lang/Object;[Ljava/lang/Object;)Ljava/lang/Object;+23 java.base@21.0.8
j  java.lang.reflect.Method.invoke(Ljava/lang/Object;[Ljava/lang/Object;)Ljava/lang/Object;+102 java.base@21.0.8
j  com.sun.javafx.application.LauncherImpl.launchApplicationWithArgs(Lcom/sun/javafx/application/ModuleAccess;Ljava/lang/String;Ljava/lang/String;[Ljava/lang/String;)V+150 javafx.graphics@21.0.8
j  com.sun.javafx.application.LauncherImpl.launchApplication(Ljava/lang/String;Ljava/lang/String;[Ljava/lang/String;)V+483 javafx.graphics@21.0.8
j  java.lang.invoke.LambdaForm$DMH+0x000001a981006400.invokeStatic(Ljava/lang/Object;Ljava/lang/Object;Ljava/lang/Object;Ljava/lang/Object;)V+14 java.base@21.0.8
j  java.lang.invoke.LambdaForm$MH+0x000001a981007800.invoke(Ljava/lang/Object;Ljava/lang/Object;Ljava/lang/Object;Ljava/lang/Object;Ljava/lang/Object;)Ljava/lang/Object;+68 java.base@21.0.8
j  java.lang.invoke.LambdaForm$MH+0x000001a981007c00.invokeExact_MT(Ljava/lang/Object;Ljava/lang/Object;Ljava/lang/Object;Ljava/lang/Object;Ljava/lang/Object;Ljava/lang/Object;)Ljava/lang/Object;+24 java.base@21.0.8
j  jdk.internal.reflect.DirectMethodHandleAccessor.invokeImpl(Ljava/lang/Object;[Ljava/lang/Object;)Ljava/lang/Object;+92 java.base@21.0.8
j  jdk.internal.reflect.DirectMethodHandleAccessor.invoke(Ljava/lang/Object;[Ljava/lang/Object;)Ljava/lang/Object;+23 java.base@21.0.8
j  java.lang.reflect.Method.invoke(Ljava/lang/Object;[Ljava/lang/Object;)Ljava/lang/Object;+102 java.base@21.0.8
j  sun.launcher.LauncherHelper$FXHelper.main([Ljava/lang/String;)V+52 java.base@21.0.8
v  ~StubRoutines::call_stub 0x000001a9ed0610e7

siginfo: EXCEPTION_ACCESS_VIOLATION (0xc0000005), reading address 0x0000000000000000


Registers:
RAX=0x0000000000000000, RBX=0x000001a9dc22e050, RCX=0x000001a9dc22e410, RDX=0x0000000000000000
RSP=0x0000007c5a8fe7f0, RBP=0x0000007c5a8fe970, RSI=0x000001a9dc22e410, RDI=0x0000000000000000
R8 =0x000001a9fecc4510, R9 =0x0000000000000000, R10=0x000000353da0c255, R11=0xffffffffffffffff
R12=0x000001a9fecc4510, R13=0x0000000000000000, R14=0x0000007c5a8fe9c8, R15=0x0000000000000000
RIP=0x00007ffd213418cc, EFLAGS=0x0000000000010293

XMM[0]=0x8349c93345e8468d 0x49f0468b4d168d49
XMM[1]=0x4138244489d0468b 0x4130244489d8468b
XMM[2]=0x2525252525252525 0x2525252525252525
XMM[3]=0x0000000000000000 0x0000000000000000
XMM[4]=0x0000000000000000 0x0000000000000000
XMM[5]=0x468b4138244489d0 0x468b4130244489d8
XMM[6]=0x69b97d6e2cd98b37 0x9f1b22ef64a07bb9
XMM[7]=0x01e1f8f5ef2a6bf1 0x2a9164c269c7bbf1
XMM[8]=0x05812e64bd69ecf1 0x7d8812681208550c
XMM[9]=0xf6273987f6273987 0xf6273987a9a530d3
XMM[10]=0x0000000000000000 0x00000000b37df74c
XMM[11]=0x529db758529db758 0x529db758fc42e82b
XMM[12]=0x0000000000000000 0x00000000a9a530d3
XMM[13]=0x0000000000000000 0x0000000000000000
XMM[14]=0x0000000000000000 0x0000000000000000
XMM[15]=0x0000000000000000 0x0000000000000000
  MXCSR=0x00001fa0


Register to memory mapping:

RAX=0x0 is null
RBX=0x000001a9dc22e050 is a thread
RCX=0x000001a9dc22e410 points into unknown readable memory: 0x00007ffd21b4d860 | 60 d8 b4 21 fd 7f 00 00
RDX=0x0 is null
RSP=0x0000007c5a8fe7f0 is pointing into the stack for thread: 0x000001a9dc22e050
RBP=0x0000007c5a8fe970 is pointing into the stack for thread: 0x000001a9dc22e050
RSI=0x000001a9dc22e410 points into unknown readable memory: 0x00007ffd21b4d860 | 60 d8 b4 21 fd 7f 00 00
RDI=0x0 is null
R8 =0x000001a9fecc4510 points into unknown readable memory: 0x00000000000006d0 | d0 06 00 00 00 00 00 00
R9 =0x0 is null
R10=0x000000353da0c255 is an unknown value
R11=0xffffffffffffffff is an unknown value
R12=0x000001a9fecc4510 points into unknown readable memory: 0x00000000000006d0 | d0 06 00 00 00 00 00 00
R13=0x0 is null
R14=0x0000007c5a8fe9c8 is pointing into the stack for thread: 0x000001a9dc22e050
R15=0x0 is null

Top of Stack: (sp=0x0000007c5a8fe7f0)
0x0000007c5a8fe7f0:   0000000100000008 00007ffd00000007
0x0000007c5a8fe800:   000001a9dc22e6d0 0000004800000003
0x0000007c5a8fe810:   000000000000003c 00007ffda3d4460a
0x0000007c5a8fe820:   000001a9fa60c988 000001a9dc22e410
0x0000007c5a8fe830:   00000000000008a8 000001a9fa60c988
0x0000007c5a8fe840:   0000007c5a8fe970 00007ffd212cd255
0x0000007c5a8fe850:   000001a9ed0b973c 0000000015555b74
0x0000007c5a8fe860:   000001a9dc22e050 000001a9fa615008
0x0000007c5a8fe870:   000001a9fa60c988 000001a9fa60c988
0x0000007c5a8fe880:   0000007c5a8fe970 000001a9ed068988
0x0000007c5a8fe890:   00000000000008a8 0000000000000000
0x0000007c5a8fe8a0:   000001a9fa60c988 0000007c5a8fe9c8
0x0000007c5a8fe8b0:   000001a9dc22e050 000001a9ed06cf4b
0x0000007c5a8fe8c0:   000001a9dc22e050 00007ffd212caaf1
0x0000007c5a8fe8d0:   000001a9ed068988 000001a9ed068988
0x0000007c5a8fe8e0:   000001a90000003c 00007ffd00000000
0x0000007c5a8fe8f0:   000001a900000001 000001a900000000
0x0000007c5a8fe900:   000001a9fa60c988 00000000000008a8
0x0000007c5a8fe910:   0000000000000000 000000008b3214f8
0x0000007c5a8fe920:   000001a9ed06cbdf 0000007c5a8fe928
0x0000007c5a8fe930:   000001a9fa60c988 000000000000000b
0x0000007c5a8fe940:   000001a9fa6120e0 0000000000000000
0x0000007c5a8fe950:   000000008a9ad430 000001a9fa60c988
0x0000007c5a8fe960:   0000000000000000 0000007c5a8fe990
0x0000007c5a8fe970:   0000007c5a8fea18 000001a9ed068988
0x0000007c5a8fe980:   0000000000000000 000001a9ed06a3d5
0x0000007c5a8fe990:   0000000000000000 0000000000000001
0x0000007c5a8fe9a0:   0000000000000000 000000000000003c
0x0000007c5a8fe9b0:   0000000000000000 000001a9fecc4510
0x0000007c5a8fe9c0:   0000000000000000 000000008a87a850
0x0000007c5a8fe9d0:   0000007c5a8fe9d0 000001a9fa60d74e
0x0000007c5a8fe9e0:   0000000000000004 000001a9fa6120e0 

Instructions: (pc=0x00007ffd213418cc)
0x00007ffd213417cc:   cc cc cc cc 40 53 48 83 ec 20 8b 81 b0 00 00 00
0x00007ffd213417dc:   48 81 c1 40 fc ff ff 05 53 21 ff ff 49 8b d8 83
0x00007ffd213417ec:   f8 01 77 05 e8 eb 1e fa ff 48 85 db 74 0d 48 8b
0x00007ffd213417fc:   cb 48 83 c4 20 5b e9 a9 c5 c5 ff 48 83 c4 20 5b
0x00007ffd2134180c:   c3 cc cc cc 48 89 5c 24 08 48 89 74 24 10 57 48
0x00007ffd2134181c:   83 ec 20 8b 81 b0 00 00 00 48 8d 99 40 fc ff ff
0x00007ffd2134182c:   05 53 21 ff ff 48 8b fa 83 f8 01 77 08 48 8b cb
0x00007ffd2134183c:   e8 9f 1e fa ff 80 3d c2 6b 87 00 00 c7 83 4c 04
0x00007ffd2134184c:   00 00 06 00 00 00 75 06 e8 f7 e2 27 00 90 48 8b
0x00007ffd2134185c:   83 50 04 00 00 a8 01 74 0d 45 33 c0 b2 01 48 8b
0x00007ffd2134186c:   cb e8 2e 26 2f 00 8b 83 48 04 00 00 a8 0c 74 08
0x00007ffd2134187c:   48 8b cb e8 9c 34 fa ff 48 8b c7 c7 83 4c 04 00
0x00007ffd2134188c:   00 06 00 00 00 83 e0 03 48 83 f8 01 75 16 48 8b
0x00007ffd2134189c:   05 af 91 80 00 48 8d 4f ff ff 15 3d 81 51 00 48
0x00007ffd213418ac:   8b c8 eb 1f 48 83 f8 02 75 16 48 8b 05 63 07 80
0x00007ffd213418bc:   00 48 8d 4f fe ff 15 21 81 51 00 48 8b c8 eb 03
0x00007ffd213418cc:   48 8b 0f 80 3d dd ad 80 00 00 b8 10 00 00 00 48
0x00007ffd213418dc:   8b bb 98 01 00 00 ba 0c 00 00 00 0f 45 c2 8b 34
0x00007ffd213418ec:   08 48 8b 47 10 48 83 38 00 74 08 48 8b cf e8 11
0x00007ffd213418fc:   16 f5 ff 48 8b 57 08 48 8b 4f 10 48 89 4a 10 48
0x00007ffd2134190c:   8b 57 08 48 8b 4f 18 48 89 4a 18 48 8b 4f 20 48
0x00007ffd2134191c:   8b 57 08 48 89 4a 20 48 8d 8b a0 03 00 00 e8 41
0x00007ffd2134192c:   35 ec ff 90 8b c6 48 8b 74 24 38 c7 83 4c 04 00
0x00007ffd2134193c:   00 04 00 00 00 48 8b 5c 24 30 48 83 c4 20 5f c3
0x00007ffd2134194c:   cc cc cc cc 40 53 56 57 48 83 ec 40 8b 81 b0 00
0x00007ffd2134195c:   00 00 48 8d 99 40 fc ff ff 48 89 6c 24 60 05 53
0x00007ffd2134196c:   21 ff ff 4c 89 74 24 70 49 8b e9 44 8b f2 49 8b
0x00007ffd2134197c:   f0 83 f8 01 77 08 48 8b cb e8 56 1d fa ff 80 3d
0x00007ffd2134198c:   79 6a 87 00 00 c7 83 4c 04 00 00 06 00 00 00 75
0x00007ffd2134199c:   06 e8 ae e1 27 00 90 48 8b 83 50 04 00 00 a8 01
0x00007ffd213419ac:   74 0d 45 33 c0 b2 01 48 8b cb e8 e5 24 2f 00 8b
0x00007ffd213419bc:   83 48 04 00 00 a8 0c 74 08 48 8b cb e8 53 33 fa 


Stack slot to memory mapping:

stack at sp + 0 slots: 0x0000000100000008 is an unknown value
stack at sp + 1 slots: 0x00007ffd00000007 is an unknown value
stack at sp + 2 slots: 0x000001a9dc22e6d0 points into unknown readable memory: 0x00007ffd21879a80 | 80 9a 87 21 fd 7f 00 00
stack at sp + 3 slots: 0x0000004800000003 is an unknown value
stack at sp + 4 slots: 0x000000000000003c is an unknown value
stack at sp + 5 slots: 0x00007ffda3d4460a jSerialComm.dll
stack at sp + 6 slots: {method} {0x000001a9fa60c990} 'readBytes' '(J[BIIII)I' in 'com/fazecast/jSerialComm/SerialPort'
stack at sp + 7 slots: 0x000001a9dc22e410 points into unknown readable memory: 0x00007ffd21b4d860 | 60 d8 b4 21 fd 7f 00 00


---------------  P R O C E S S  ---------------

Threads class SMR info:
_java_thread_list=0x000001a9fe763660, length=18, elements={
0x000001a9dc22e050, 0x000001a9f9f9b280, 0x000001a9f9f9bfd0, 0x000001a9f9fa1900,
0x000001a9f9fa8900, 0x000001a9f9fac380, 0x000001a9f9faddf0, 0x000001a9f9fbb6b0,
0x000001a9f9fbe190, 0x000001a9fe0f1e00, 0x000001a9fe108d80, 0x000001a9fe218a90,
0x000001a9fe9d78c0, 0x000001a9fe4af3e0, 0x000001a9fe4070c0, 0x000001a9feb32140,
0x000001a9febe6d90, 0x000001a9fec29c90
}

Java Threads: ( => current thread )
=>0x000001a9dc22e050 JavaThread "main"                              [_thread_in_vm, id=14512, stack(0x0000007c5a800000,0x0000007c5a900000) (1024K)]
  0x000001a9f9f9b280 JavaThread "Reference Handler"          daemon [_thread_blocked, id=6616, stack(0x0000007c5b000000,0x0000007c5b100000) (1024K)]
  0x000001a9f9f9bfd0 JavaThread "Finalizer"                  daemon [_thread_blocked, id=8240, stack(0x0000007c5b100000,0x0000007c5b200000) (1024K)]
  0x000001a9f9fa1900 JavaThread "Signal Dispatcher"          daemon [_thread_blocked, id=10008, stack(0x0000007c5b200000,0x0000007c5b300000) (1024K)]
  0x000001a9f9fa8900 JavaThread "Attach Listener"            daemon [_thread_blocked, id=2432, stack(0x0000007c5b300000,0x0000007c5b400000) (1024K)]
  0x000001a9f9fac380 JavaThread "Service Thread"             daemon [_thread_blocked, id=13396, stack(0x0000007c5b400000,0x0000007c5b500000) (1024K)]
  0x000001a9f9faddf0 JavaThread "Monitor Deflation Thread"   daemon [_thread_blocked, id=13744, stack(0x0000007c5b500000,0x0000007c5b600000) (1024K)]
  0x000001a9f9fbb6b0 JavaThread "C2 CompilerThread0"         daemon [_thread_blocked, id=21400, stack(0x0000007c5b600000,0x0000007c5b700000) (1024K)]
  0x000001a9f9fbe190 JavaThread "C1 CompilerThread0"         daemon [_thread_blocked, id=428, stack(0x0000007c5b700000,0x0000007c5b800000) (1024K)]
  0x000001a9fe0f1e00 JavaThread "Common-Cleaner"             daemon [_thread_blocked, id=6552, stack(0x0000007c5b800000,0x0000007c5b900000) (1024K)]
  0x000001a9fe108d80 JavaThread "C2 CompilerThread1"         daemon [_thread_blocked, id=17808, stack(0x0000007c5b900000,0x0000007c5ba00000) (1024K)]
  0x000001a9fe218a90 JavaThread "C2 CompilerThread2"         daemon [_thread_blocked, id=20628, stack(0x0000007c5ba00000,0x0000007c5bb00000) (1024K)]
  0x000001a9fe9d78c0 JavaThread "Monitor Ctrl-Break"         daemon [_thread_in_native, id=18916, stack(0x0000007c5bb00000,0x0000007c5bc00000) (1024K)]
  0x000001a9fe4af3e0 JavaThread "Notification Thread"        daemon [_thread_blocked, id=14040, stack(0x0000007c5bc00000,0x0000007c5bd00000) (1024K)]
  0x000001a9fe4070c0 JavaThread "QuantumRenderer-0"          daemon [_thread_blocked, id=10872, stack(0x0000007c5bd00000,0x0000007c5be00000) (1024K)]
  0x000001a9feb32140 JavaThread "InvokeLaterDispatcher"      daemon [_thread_blocked, id=2360, stack(0x0000007c5be00000,0x0000007c5bf00000) (1024K)]
  0x000001a9febe6d90 JavaThread "JavaFX Application Thread"         [_thread_in_native, id=18364, stack(0x0000007c5bf00000,0x0000007c5c000000) (1024K)]
  0x000001a9fec29c90 JavaThread "Thread-1"                   daemon [_thread_in_native, id=6304, stack(0x0000007c5c300000,0x0000007c5c400000) (1024K)]
Total: 18

Other Threads:
  0x000001a9f9f83d10 VMThread "VM Thread"                           [id=18684, stack(0x0000007c5af00000,0x0000007c5b000000) (1024K)]
  0x000001a9dc226dc0 WatcherThread "VM Periodic Task Thread"        [id=3776, stack(0x0000007c5ae00000,0x0000007c5af00000) (1024K)]
  0x000001a9dc2838f0 WorkerThread "GC Thread#0"                     [id=19516, stack(0x0000007c5a900000,0x0000007c5aa00000) (1024K)]
  0x000001a9dc2943d0 ConcurrentGCThread "G1 Main Marker"            [id=14096, stack(0x0000007c5aa00000,0x0000007c5ab00000) (1024K)]
  0x000001a9dc295680 WorkerThread "G1 Conc#0"                       [id=21108, stack(0x0000007c5ab00000,0x0000007c5ac00000) (1024K)]
  0x000001a9f9e465a0 ConcurrentGCThread "G1 Refine#0"               [id=1892, stack(0x0000007c5ac00000,0x0000007c5ad00000) (1024K)]
  0x000001a9f9e47de0 ConcurrentGCThread "G1 Service"                [id=2176, stack(0x0000007c5ad00000,0x0000007c5ae00000) (1024K)]
Total: 7

Threads with active compile tasks:
Total: 0

VM state: not at safepoint (normal execution)

VM Mutex/Monitor currently owned by a thread: None

Heap address: 0x0000000083600000, size: 1994 MB, Compressed Oops mode: 32-bit

CDS archive(s) mapped at: [0x000001a980000000-0x000001a980ce0000-0x000001a980ce0000), size 13500416, SharedBaseAddress: 0x000001a980000000, ArchiveRelocationMode: 1.
Compressed class space mapped at: 0x000001a981000000-0x000001a9c1000000, reserved size: 1073741824
Narrow klass base: 0x000001a980000000, Narrow klass shift: 0, Narrow klass range: 0x100000000

GC Precious Log:
 CardTable entry size: 512
 Card Set container configuration: InlinePtr #cards 5 size 8 Array Of Cards #cards 10 size 36 Howl #buckets 4 coarsen threshold 1843 Howl Bitmap #cards 512 size 80 coarsen threshold 460 Card regions per heap region 1 cards per card region 2048
 CPUs: 8 total, 8 available
 Memory: 7975M
 Large Page Support: Disabled
 NUMA Support: Disabled
 Compressed Oops: Enabled (32-bit)
 Heap Region Size: 1M
 Heap Min Capacity: 8M
 Heap Initial Capacity: 126M
 Heap Max Capacity: 1994M
 Pre-touch: Disabled
 Parallel Workers: 8
 Concurrent Workers: 2
 Concurrent Refinement Workers: 8
 Periodic GC: Disabled

Heap:
 garbage-first heap   total 129024K, used 10240K [0x0000000083600000, 0x0000000100000000)
  region size 1024K, 12 young (12288K), 0 survivors (0K)
 Metaspace       used 4742K, committed 4992K, reserved 1114112K
  class space    used 497K, committed 640K, reserved 1048576K

Heap Regions: E=young(eden), S=young(survivor), O=old, HS=humongous(starts), HC=humongous(continues), CS=collection set, F=free, TAMS=top-at-mark-start, PB=parsable bottom
|   0|0x0000000083600000, 0x0000000083600000, 0x0000000083700000|  0%| F|  |TAMS 0x0000000083600000| PB 0x0000000083600000| Untracked 
|   1|0x0000000083700000, 0x0000000083700000, 0x0000000083800000|  0%| F|  |TAMS 0x0000000083700000| PB 0x0000000083700000| Untracked 
|   2|0x0000000083800000, 0x0000000083800000, 0x0000000083900000|  0%| F|  |TAMS 0x0000000083800000| PB 0x0000000083800000| Untracked 
|   3|0x0000000083900000, 0x0000000083900000, 0x0000000083a00000|  0%| F|  |TAMS 0x0000000083900000| PB 0x0000000083900000| Untracked 
|   4|0x0000000083a00000, 0x0000000083a00000, 0x0000000083b00000|  0%| F|  |TAMS 0x0000000083a00000| PB 0x0000000083a00000| Untracked 
|   5|0x0000000083b00000, 0x0000000083b00000, 0x0000000083c00000|  0%| F|  |TAMS 0x0000000083b00000| PB 0x0000000083b00000| Untracked 
|   6|0x0000000083c00000, 0x0000000083c00000, 0x0000000083d00000|  0%| F|  |TAMS 0x0000000083c00000| PB 0x0000000083c00000| Untracked 
|   7|0x0000000083d00000, 0x0000000083d00000, 0x0000000083e00000|  0%| F|  |TAMS 0x0000000083d00000| PB 0x0000000083d00000| Untracked 
|   8|0x0000000083e00000, 0x0000000083e00000, 0x0000000083f00000|  0%| F|  |TAMS 0x0000000083e00000| PB 0x0000000083e00000| Untracked 
|   9|0x0000000083f00000, 0x0000000083f00000, 0x0000000084000000|  0%| F|  |TAMS 0x0000000083f00000| PB 0x0000000083f00000| Untracked 
|  10|0x0000000084000000, 0x0000000084000000, 0x0000000084100000|  0%| F|  |TAMS 0x0000000084000000| PB 0x0000000084000000| Untracked 
|  11|0x0000000084100000, 0x0000000084100000, 0x0000000084200000|  0%| F|  |TAMS 0x0000000084100000| PB 0x0000000084100000| Untracked 
|  12|0x0000000084200000, 0x0000000084200000, 0x0000000084300000|  0%| F|  |TAMS 0x0000000084200000| PB 0x0000000084200000| Untracked 
|  13|0x0000000084300000, 0x0000000084300000, 0x0000000084400000|  0%| F|  |TAMS 0x0000000084300000| PB 0x0000000084300000| Untracked 
|  14|0x0000000084400000, 0x0000000084400000, 0x0000000084500000|  0%| F|  |TAMS 0x0000000084400000| PB 0x0000000084400000| Untracked 
|  15|0x0000000084500000, 0x0000000084500000, 0x0000000084600000|  0%| F|  |TAMS 0x0000000084500000| PB 0x0000000084500000| Untracked 
|  16|0x0000000084600000, 0x0000000084600000, 0x0000000084700000|  0%| F|  |TAMS 0x0000000084600000| PB 0x0000000084600000| Untracked 
|  17|0x0000000084700000, 0x0000000084700000, 0x0000000084800000|  0%| F|  |TAMS 0x0000000084700000| PB 0x0000000084700000| Untracked 
|  18|0x0000000084800000, 0x0000000084800000, 0x0000000084900000|  0%| F|  |TAMS 0x0000000084800000| PB 0x0000000084800000| Untracked 
|  19|0x0000000084900000, 0x0000000084900000, 0x0000000084a00000|  0%| F|  |TAMS 0x0000000084900000| PB 0x0000000084900000| Untracked 
|  20|0x0000000084a00000, 0x0000000084a00000, 0x0000000084b00000|  0%| F|  |TAMS 0x0000000084a00000| PB 0x0000000084a00000| Untracked 
|  21|0x0000000084b00000, 0x0000000084b00000, 0x0000000084c00000|  0%| F|  |TAMS 0x0000000084b00000| PB 0x0000000084b00000| Untracked 
|  22|0x0000000084c00000, 0x0000000084c00000, 0x0000000084d00000|  0%| F|  |TAMS 0x0000000084c00000| PB 0x0000000084c00000| Untracked 
|  23|0x0000000084d00000, 0x0000000084d00000, 0x0000000084e00000|  0%| F|  |TAMS 0x0000000084d00000| PB 0x0000000084d00000| Untracked 
|  24|0x0000000084e00000, 0x0000000084e00000, 0x0000000084f00000|  0%| F|  |TAMS 0x0000000084e00000| PB 0x0000000084e00000| Untracked 
|  25|0x0000000084f00000, 0x0000000084f00000, 0x0000000085000000|  0%| F|  |TAMS 0x0000000084f00000| PB 0x0000000084f00000| Untracked 
|  26|0x0000000085000000, 0x0000000085000000, 0x0000000085100000|  0%| F|  |TAMS 0x0000000085000000| PB 0x0000000085000000| Untracked 
|  27|0x0000000085100000, 0x0000000085100000, 0x0000000085200000|  0%| F|  |TAMS 0x0000000085100000| PB 0x0000000085100000| Untracked 
|  28|0x0000000085200000, 0x0000000085200000, 0x0000000085300000|  0%| F|  |TAMS 0x0000000085200000| PB 0x0000000085200000| Untracked 
|  29|0x0000000085300000, 0x0000000085300000, 0x0000000085400000|  0%| F|  |TAMS 0x0000000085300000| PB 0x0000000085300000| Untracked 
|  30|0x0000000085400000, 0x0000000085400000, 0x0000000085500000|  0%| F|  |TAMS 0x0000000085400000| PB 0x0000000085400000| Untracked 
|  31|0x0000000085500000, 0x0000000085500000, 0x0000000085600000|  0%| F|  |TAMS 0x0000000085500000| PB 0x0000000085500000| Untracked 
|  32|0x0000000085600000, 0x0000000085600000, 0x0000000085700000|  0%| F|  |TAMS 0x0000000085600000| PB 0x0000000085600000| Untracked 
|  33|0x0000000085700000, 0x0000000085700000, 0x0000000085800000|  0%| F|  |TAMS 0x0000000085700000| PB 0x0000000085700000| Untracked 
|  34|0x0000000085800000, 0x0000000085800000, 0x0000000085900000|  0%| F|  |TAMS 0x0000000085800000| PB 0x0000000085800000| Untracked 
|  35|0x0000000085900000, 0x0000000085900000, 0x0000000085a00000|  0%| F|  |TAMS 0x0000000085900000| PB 0x0000000085900000| Untracked 
|  36|0x0000000085a00000, 0x0000000085a00000, 0x0000000085b00000|  0%| F|  |TAMS 0x0000000085a00000| PB 0x0000000085a00000| Untracked 
|  37|0x0000000085b00000, 0x0000000085b00000, 0x0000000085c00000|  0%| F|  |TAMS 0x0000000085b00000| PB 0x0000000085b00000| Untracked 
|  38|0x0000000085c00000, 0x0000000085c00000, 0x0000000085d00000|  0%| F|  |TAMS 0x0000000085c00000| PB 0x0000000085c00000| Untracked 
|  39|0x0000000085d00000, 0x0000000085d00000, 0x0000000085e00000|  0%| F|  |TAMS 0x0000000085d00000| PB 0x0000000085d00000| Untracked 
|  40|0x0000000085e00000, 0x0000000085e00000, 0x0000000085f00000|  0%| F|  |TAMS 0x0000000085e00000| PB 0x0000000085e00000| Untracked 
|  41|0x0000000085f00000, 0x0000000085f00000, 0x0000000086000000|  0%| F|  |TAMS 0x0000000085f00000| PB 0x0000000085f00000| Untracked 
|  42|0x0000000086000000, 0x0000000086000000, 0x0000000086100000|  0%| F|  |TAMS 0x0000000086000000| PB 0x0000000086000000| Untracked 
|  43|0x0000000086100000, 0x0000000086100000, 0x0000000086200000|  0%| F|  |TAMS 0x0000000086100000| PB 0x0000000086100000| Untracked 
|  44|0x0000000086200000, 0x0000000086200000, 0x0000000086300000|  0%| F|  |TAMS 0x0000000086200000| PB 0x0000000086200000| Untracked 
|  45|0x0000000086300000, 0x0000000086300000, 0x0000000086400000|  0%| F|  |TAMS 0x0000000086300000| PB 0x0000000086300000| Untracked 
|  46|0x0000000086400000, 0x0000000086400000, 0x0000000086500000|  0%| F|  |TAMS 0x0000000086400000| PB 0x0000000086400000| Untracked 
|  47|0x0000000086500000, 0x0000000086500000, 0x0000000086600000|  0%| F|  |TAMS 0x0000000086500000| PB 0x0000000086500000| Untracked 
|  48|0x0000000086600000, 0x0000000086600000, 0x0000000086700000|  0%| F|  |TAMS 0x0000000086600000| PB 0x0000000086600000| Untracked 
|  49|0x0000000086700000, 0x0000000086700000, 0x0000000086800000|  0%| F|  |TAMS 0x0000000086700000| PB 0x0000000086700000| Untracked 
|  50|0x0000000086800000, 0x0000000086800000, 0x0000000086900000|  0%| F|  |TAMS 0x0000000086800000| PB 0x0000000086800000| Untracked 
|  51|0x0000000086900000, 0x0000000086900000, 0x0000000086a00000|  0%| F|  |TAMS 0x0000000086900000| PB 0x0000000086900000| Untracked 
|  52|0x0000000086a00000, 0x0000000086a00000, 0x0000000086b00000|  0%| F|  |TAMS 0x0000000086a00000| PB 0x0000000086a00000| Untracked 
|  53|0x0000000086b00000, 0x0000000086b00000, 0x0000000086c00000|  0%| F|  |TAMS 0x0000000086b00000| PB 0x0000000086b00000| Untracked 
|  54|0x0000000086c00000, 0x0000000086c00000, 0x0000000086d00000|  0%| F|  |TAMS 0x0000000086c00000| PB 0x0000000086c00000| Untracked 
|  55|0x0000000086d00000, 0x0000000086d00000, 0x0000000086e00000|  0%| F|  |TAMS 0x0000000086d00000| PB 0x0000000086d00000| Untracked 
|  56|0x0000000086e00000, 0x0000000086e00000, 0x0000000086f00000|  0%| F|  |TAMS 0x0000000086e00000| PB 0x0000000086e00000| Untracked 
|  57|0x0000000086f00000, 0x0000000086f00000, 0x0000000087000000|  0%| F|  |TAMS 0x0000000086f00000| PB 0x0000000086f00000| Untracked 
|  58|0x0000000087000000, 0x0000000087000000, 0x0000000087100000|  0%| F|  |TAMS 0x0000000087000000| PB 0x0000000087000000| Untracked 
|  59|0x0000000087100000, 0x0000000087100000, 0x0000000087200000|  0%| F|  |TAMS 0x0000000087100000| PB 0x0000000087100000| Untracked 
|  60|0x0000000087200000, 0x0000000087200000, 0x0000000087300000|  0%| F|  |TAMS 0x0000000087200000| PB 0x0000000087200000| Untracked 
|  61|0x0000000087300000, 0x0000000087300000, 0x0000000087400000|  0%| F|  |TAMS 0x0000000087300000| PB 0x0000000087300000| Untracked 
|  62|0x0000000087400000, 0x0000000087400000, 0x0000000087500000|  0%| F|  |TAMS 0x0000000087400000| PB 0x0000000087400000| Untracked 
|  63|0x0000000087500000, 0x0000000087500000, 0x0000000087600000|  0%| F|  |TAMS 0x0000000087500000| PB 0x0000000087500000| Untracked 
|  64|0x0000000087600000, 0x0000000087600000, 0x0000000087700000|  0%| F|  |TAMS 0x0000000087600000| PB 0x0000000087600000| Untracked 
|  65|0x0000000087700000, 0x0000000087700000, 0x0000000087800000|  0%| F|  |TAMS 0x0000000087700000| PB 0x0000000087700000| Untracked 
|  66|0x0000000087800000, 0x0000000087800000, 0x0000000087900000|  0%| F|  |TAMS 0x0000000087800000| PB 0x0000000087800000| Untracked 
|  67|0x0000000087900000, 0x0000000087900000, 0x0000000087a00000|  0%| F|  |TAMS 0x0000000087900000| PB 0x0000000087900000| Untracked 
|  68|0x0000000087a00000, 0x0000000087a00000, 0x0000000087b00000|  0%| F|  |TAMS 0x0000000087a00000| PB 0x0000000087a00000| Untracked 
|  69|0x0000000087b00000, 0x0000000087b00000, 0x0000000087c00000|  0%| F|  |TAMS 0x0000000087b00000| PB 0x0000000087b00000| Untracked 
|  70|0x0000000087c00000, 0x0000000087c00000, 0x0000000087d00000|  0%| F|  |TAMS 0x0000000087c00000| PB 0x0000000087c00000| Untracked 
|  71|0x0000000087d00000, 0x0000000087d00000, 0x0000000087e00000|  0%| F|  |TAMS 0x0000000087d00000| PB 0x0000000087d00000| Untracked 
|  72|0x0000000087e00000, 0x0000000087e00000, 0x0000000087f00000|  0%| F|  |TAMS 0x0000000087e00000| PB 0x0000000087e00000| Untracked 
|  73|0x0000000087f00000, 0x0000000087f00000, 0x0000000088000000|  0%| F|  |TAMS 0x0000000087f00000| PB 0x0000000087f00000| Untracked 
|  74|0x0000000088000000, 0x0000000088000000, 0x0000000088100000|  0%| F|  |TAMS 0x0000000088000000| PB 0x0000000088000000| Untracked 
|  75|0x0000000088100000, 0x0000000088100000, 0x0000000088200000|  0%| F|  |TAMS 0x0000000088100000| PB 0x0000000088100000| Untracked 
|  76|0x0000000088200000, 0x0000000088200000, 0x0000000088300000|  0%| F|  |TAMS 0x0000000088200000| PB 0x0000000088200000| Untracked 
|  77|0x0000000088300000, 0x0000000088300000, 0x0000000088400000|  0%| F|  |TAMS 0x0000000088300000| PB 0x0000000088300000| Untracked 
|  78|0x0000000088400000, 0x0000000088400000, 0x0000000088500000|  0%| F|  |TAMS 0x0000000088400000| PB 0x0000000088400000| Untracked 
|  79|0x0000000088500000, 0x0000000088500000, 0x0000000088600000|  0%| F|  |TAMS 0x0000000088500000| PB 0x0000000088500000| Untracked 
|  80|0x0000000088600000, 0x0000000088600000, 0x0000000088700000|  0%| F|  |TAMS 0x0000000088600000| PB 0x0000000088600000| Untracked 
|  81|0x0000000088700000, 0x0000000088700000, 0x0000000088800000|  0%| F|  |TAMS 0x0000000088700000| PB 0x0000000088700000| Untracked 
|  82|0x0000000088800000, 0x0000000088800000, 0x0000000088900000|  0%| F|  |TAMS 0x0000000088800000| PB 0x0000000088800000| Untracked 
|  83|0x0000000088900000, 0x0000000088900000, 0x0000000088a00000|  0%| F|  |TAMS 0x0000000088900000| PB 0x0000000088900000| Untracked 
|  84|0x0000000088a00000, 0x0000000088a00000, 0x0000000088b00000|  0%| F|  |TAMS 0x0000000088a00000| PB 0x0000000088a00000| Untracked 
|  85|0x0000000088b00000, 0x0000000088b00000, 0x0000000088c00000|  0%| F|  |TAMS 0x0000000088b00000| PB 0x0000000088b00000| Untracked 
|  86|0x0000000088c00000, 0x0000000088c00000, 0x0000000088d00000|  0%| F|  |TAMS 0x0000000088c00000| PB 0x0000000088c00000| Untracked 
|  87|0x0000000088d00000, 0x0000000088d00000, 0x0000000088e00000|  0%| F|  |TAMS 0x0000000088d00000| PB 0x0000000088d00000| Untracked 
|  88|0x0000000088e00000, 0x0000000088e00000, 0x0000000088f00000|  0%| F|  |TAMS 0x0000000088e00000| PB 0x0000000088e00000| Untracked 
|  89|0x0000000088f00000, 0x0000000088f00000, 0x0000000089000000|  0%| F|  |TAMS 0x0000000088f00000| PB 0x0000000088f00000| Untracked 
|  90|0x0000000089000000, 0x0000000089000000, 0x0000000089100000|  0%| F|  |TAMS 0x0000000089000000| PB 0x0000000089000000| Untracked 
|  91|0x0000000089100000, 0x0000000089100000, 0x0000000089200000|  0%| F|  |TAMS 0x0000000089100000| PB 0x0000000089100000| Untracked 
|  92|0x0000000089200000, 0x0000000089200000, 0x0000000089300000|  0%| F|  |TAMS 0x0000000089200000| PB 0x0000000089200000| Untracked 
|  93|0x0000000089300000, 0x0000000089300000, 0x0000000089400000|  0%| F|  |TAMS 0x0000000089300000| PB 0x0000000089300000| Untracked 
|  94|0x0000000089400000, 0x0000000089400000, 0x0000000089500000|  0%| F|  |TAMS 0x0000000089400000| PB 0x0000000089400000| Untracked 
|  95|0x0000000089500000, 0x0000000089500000, 0x0000000089600000|  0%| F|  |TAMS 0x0000000089500000| PB 0x0000000089500000| Untracked 
|  96|0x0000000089600000, 0x0000000089600000, 0x0000000089700000|  0%| F|  |TAMS 0x0000000089600000| PB 0x0000000089600000| Untracked 
|  97|0x0000000089700000, 0x0000000089700000, 0x0000000089800000|  0%| F|  |TAMS 0x0000000089700000| PB 0x0000000089700000| Untracked 
|  98|0x0000000089800000, 0x0000000089800000, 0x0000000089900000|  0%| F|  |TAMS 0x0000000089800000| PB 0x0000000089800000| Untracked 
|  99|0x0000000089900000, 0x0000000089900000, 0x0000000089a00000|  0%| F|  |TAMS 0x0000000089900000| PB 0x0000000089900000| Untracked 
| 100|0x0000000089a00000, 0x0000000089a00000, 0x0000000089b00000|  0%| F|  |TAMS 0x0000000089a00000| PB 0x0000000089a00000| Untracked 
| 101|0x0000000089b00000, 0x0000000089b00000, 0x0000000089c00000|  0%| F|  |TAMS 0x0000000089b00000| PB 0x0000000089b00000| Untracked 
| 102|0x0000000089c00000, 0x0000000089c00000, 0x0000000089d00000|  0%| F|  |TAMS 0x0000000089c00000| PB 0x0000000089c00000| Untracked 
| 103|0x0000000089d00000, 0x0000000089d00000, 0x0000000089e00000|  0%| F|  |TAMS 0x0000000089d00000| PB 0x0000000089d00000| Untracked 
| 104|0x0000000089e00000, 0x0000000089e00000, 0x0000000089f00000|  0%| F|  |TAMS 0x0000000089e00000| PB 0x0000000089e00000| Untracked 
| 105|0x0000000089f00000, 0x0000000089f00000, 0x000000008a000000|  0%| F|  |TAMS 0x0000000089f00000| PB 0x0000000089f00000| Untracked 
| 106|0x000000008a000000, 0x000000008a000000, 0x000000008a100000|  0%| F|  |TAMS 0x000000008a000000| PB 0x000000008a000000| Untracked 
| 107|0x000000008a100000, 0x000000008a100000, 0x000000008a200000|  0%| F|  |TAMS 0x000000008a100000| PB 0x000000008a100000| Untracked 
| 108|0x000000008a200000, 0x000000008a200000, 0x000000008a300000|  0%| F|  |TAMS 0x000000008a200000| PB 0x000000008a200000| Untracked 
| 109|0x000000008a300000, 0x000000008a300000, 0x000000008a400000|  0%| F|  |TAMS 0x000000008a300000| PB 0x000000008a300000| Untracked 
| 110|0x000000008a400000, 0x000000008a400000, 0x000000008a500000|  0%| F|  |TAMS 0x000000008a400000| PB 0x000000008a400000| Untracked 
| 111|0x000000008a500000, 0x000000008a500000, 0x000000008a600000|  0%| F|  |TAMS 0x000000008a500000| PB 0x000000008a500000| Untracked 
| 112|0x000000008a600000, 0x000000008a600000, 0x000000008a700000|  0%| F|  |TAMS 0x000000008a600000| PB 0x000000008a600000| Untracked 
| 113|0x000000008a700000, 0x000000008a700000, 0x000000008a800000|  0%| F|  |TAMS 0x000000008a700000| PB 0x000000008a700000| Untracked 
| 114|0x000000008a800000, 0x000000008a8ef8d8, 0x000000008a900000| 93%| E|  |TAMS 0x000000008a800000| PB 0x000000008a800000| Complete 
| 115|0x000000008a900000, 0x000000008aa00000, 0x000000008aa00000|100%| E|CS|TAMS 0x000000008a900000| PB 0x000000008a900000| Complete 
| 116|0x000000008aa00000, 0x000000008ab00000, 0x000000008ab00000|100%| E|CS|TAMS 0x000000008aa00000| PB 0x000000008aa00000| Complete 
| 117|0x000000008ab00000, 0x000000008ac00000, 0x000000008ac00000|100%| E|CS|TAMS 0x000000008ab00000| PB 0x000000008ab00000| Complete 
| 118|0x000000008ac00000, 0x000000008ad00000, 0x000000008ad00000|100%| E|CS|TAMS 0x000000008ac00000| PB 0x000000008ac00000| Complete 
| 119|0x000000008ad00000, 0x000000008ae00000, 0x000000008ae00000|100%| E|CS|TAMS 0x000000008ad00000| PB 0x000000008ad00000| Complete 
| 120|0x000000008ae00000, 0x000000008af00000, 0x000000008af00000|100%| E|CS|TAMS 0x000000008ae00000| PB 0x000000008ae00000| Complete 
| 121|0x000000008af00000, 0x000000008b000000, 0x000000008b000000|100%| E|  |TAMS 0x000000008af00000| PB 0x000000008af00000| Complete 
| 122|0x000000008b000000, 0x000000008b100000, 0x000000008b100000|100%| E|CS|TAMS 0x000000008b000000| PB 0x000000008b000000| Complete 
| 123|0x000000008b100000, 0x000000008b200000, 0x000000008b200000|100%| E|CS|TAMS 0x000000008b100000| PB 0x000000008b100000| Complete 
| 124|0x000000008b200000, 0x000000008b300000, 0x000000008b300000|100%| E|CS|TAMS 0x000000008b200000| PB 0x000000008b200000| Complete 
| 125|0x000000008b300000, 0x000000008b400000, 0x000000008b400000|100%| E|CS|TAMS 0x000000008b300000| PB 0x000000008b300000| Complete 

Card table byte_map: [0x000001a9f5250000,0x000001a9f5640000] _byte_map_base: 0x000001a9f4e35000

Marking Bits: (CMBitMap*) 0x000001a9dc284000
 Bits: [0x000001a9f5640000, 0x000001a9f7568000)

Polling page: 0x000001a9da0f0000

Metaspace:

Usage:
  Non-class:      4.15 MB used.
      Class:    497.22 KB used.
       Both:      4.63 MB used.

Virtual space:
  Non-class space:       64.00 MB reserved,       4.25 MB (  7%) committed,  1 nodes.
      Class space:        1.00 GB reserved,     640.00 KB ( <1%) committed,  1 nodes.
             Both:        1.06 GB reserved,       4.88 MB ( <1%) committed. 

Chunk freelists:
   Non-Class:  9.91 MB
       Class:  15.43 MB
        Both:  25.34 MB

MaxMetaspaceSize: unlimited
CompressedClassSpaceSize: 1.00 GB
Initial GC threshold: 21.00 MB
Current GC threshold: 21.00 MB
CDS: on
 - commit_granule_bytes: 65536.
 - commit_granule_words: 8192.
 - virtual_space_node_default_size: 8388608.
 - enlarge_chunks_in_place: 1.
 - use_allocation_guard: 0.


Internal statistics:

num_allocs_failed_limit: 0.
num_arena_births: 144.
num_arena_deaths: 0.
num_vsnodes_births: 2.
num_vsnodes_deaths: 0.
num_space_committed: 78.
num_space_uncommitted: 0.
num_chunks_returned_to_freelist: 0.
num_chunks_taken_from_freelist: 262.
num_chunk_merges: 0.
num_chunk_splits: 174.
num_chunks_enlarged: 118.
num_inconsistent_stats: 0.

CodeHeap 'non-profiled nmethods': size=120000Kb used=318Kb max_used=318Kb free=119681Kb
 bounds [0x000001a9ed600000, 0x000001a9ed870000, 0x000001a9f4b30000]
CodeHeap 'profiled nmethods': size=120000Kb used=1195Kb max_used=1195Kb free=118804Kb
 bounds [0x000001a9e5b30000, 0x000001a9e5da0000, 0x000001a9ed060000]
CodeHeap 'non-nmethods': size=5760Kb used=1609Kb max_used=1623Kb free=4150Kb
 bounds [0x000001a9ed060000, 0x000001a9ed2d0000, 0x000001a9ed600000]
CodeCache: size=245760Kb, used=3122Kb, max_used=3136Kb, free=242635Kb
 total_blobs=1374, nmethods=837, adapters=442, full_count=0
Compilation: enabled, stopped_count=0, restarted_count=0

Compilation events (20 events):
Event: 0.337 Thread 0x000001a9fe218a90  830       4       java.lang.StringUTF16::putChar (54 bytes)
Event: 0.338 Thread 0x000001a9fe218a90 nmethod 830 0x000001a9ed64f210 code [0x000001a9ed64f3a0, 0x000001a9ed64f498]
Event: 0.338 Thread 0x000001a9f9fbe190  831       1       java.nio.charset.CharsetEncoder::maxBytesPerChar (5 bytes)
Event: 0.338 Thread 0x000001a9f9fbe190 nmethod 831 0x000001a9ed64f590 code [0x000001a9ed64f720, 0x000001a9ed64f7e8]
Event: 0.338 Thread 0x000001a9f9fbe190  833       3       java.lang.StringUTF16::compress (20 bytes)
Event: 0.338 Thread 0x000001a9f9fbe190 nmethod 833 0x000001a9e5c58c90 code [0x000001a9e5c58e40, 0x000001a9e5c59070]
Event: 0.338 Thread 0x000001a9f9fbe190  834       3       java.lang.String::<init> (74 bytes)
Event: 0.338 Thread 0x000001a9f9fbe190 nmethod 834 0x000001a9e5c59110 code [0x000001a9e5c59300, 0x000001a9e5c59700]
Event: 0.338 Thread 0x000001a9f9fbe190  832       1       sun.nio.cs.SingleByte$Encoder::isASCIICompatible (5 bytes)
Event: 0.338 Thread 0x000001a9f9fbe190 nmethod 832 0x000001a9ed64f890 code [0x000001a9ed64fa20, 0x000001a9ed64faf0]
Event: 0.340 Thread 0x000001a9f9fbe190  835       3       java.io.File::isInvalid (47 bytes)
Event: 0.340 Thread 0x000001a9f9fbe190 nmethod 835 0x000001a9e5c59810 code [0x000001a9e5c599e0, 0x000001a9e5c59c80]
Event: 0.340 Thread 0x000001a9f9fbe190  836       3       jdk.internal.ref.CleanerImpl::getCleanerImpl (13 bytes)
Event: 0.340 Thread 0x000001a9f9fbe190 nmethod 836 0x000001a9e5c59d10 code [0x000001a9e5c59ec0, 0x000001a9e5c5a180]
Event: 0.340 Thread 0x000001a9f9fbe190  837       3       java.lang.ref.Cleaner$1::apply (9 bytes)
Event: 0.340 Thread 0x000001a9f9fbe190 nmethod 837 0x000001a9e5c5a290 code [0x000001a9e5c5a440, 0x000001a9e5c5a6b0]
Event: 0.340 Thread 0x000001a9f9fbe190  838       3       java.lang.ref.Cleaner$1::apply (5 bytes)
Event: 0.340 Thread 0x000001a9f9fbe190 nmethod 838 0x000001a9e5c5a790 code [0x000001a9e5c5a920, 0x000001a9e5c5aa38]
Event: 0.343 Thread 0x000001a9f9fbe190  839       3       java.lang.invoke.BoundMethodHandle::<init> (32 bytes)
Event: 0.343 Thread 0x000001a9f9fbe190 nmethod 839 0x000001a9e5c5ab10 code [0x000001a9e5c5acc0, 0x000001a9e5c5ae20]

GC Heap History (0 events):
No events

Dll operation events (20 events):
Event: 0.214 Loaded shared library C:\Program Files\Zulu\zulu-21\bin\javafx\api-ms-win-crt-heap-l1-1-0.dll
Event: 0.215 Loaded shared library C:\Program Files\Zulu\zulu-21\bin\javafx\api-ms-win-crt-locale-l1-1-0.dll
Event: 0.217 Loaded shared library C:\Program Files\Zulu\zulu-21\bin\javafx\api-ms-win-crt-math-l1-1-0.dll
Event: 0.218 Loaded shared library C:\Program Files\Zulu\zulu-21\bin\javafx\api-ms-win-crt-multibyte-l1-1-0.dll
Event: 0.219 Loaded shared library C:\Program Files\Zulu\zulu-21\bin\javafx\api-ms-win-crt-private-l1-1-0.dll
Event: 0.221 Loaded shared library C:\Program Files\Zulu\zulu-21\bin\javafx\api-ms-win-crt-process-l1-1-0.dll
Event: 0.222 Loaded shared library C:\Program Files\Zulu\zulu-21\bin\javafx\api-ms-win-crt-runtime-l1-1-0.dll
Event: 0.224 Loaded shared library C:\Program Files\Zulu\zulu-21\bin\javafx\api-ms-win-crt-stdio-l1-1-0.dll
Event: 0.226 Loaded shared library C:\Program Files\Zulu\zulu-21\bin\javafx\api-ms-win-crt-string-l1-1-0.dll
Event: 0.227 Loaded shared library C:\Program Files\Zulu\zulu-21\bin\javafx\api-ms-win-crt-time-l1-1-0.dll
Event: 0.228 Loaded shared library C:\Program Files\Zulu\zulu-21\bin\javafx\api-ms-win-crt-utility-l1-1-0.dll
Event: 0.229 Loaded shared library C:\Program Files\Zulu\zulu-21\bin\javafx\ucrtbase.dll
Event: 0.230 Loaded shared library C:\Program Files\Zulu\zulu-21\bin\javafx\vcruntime140.dll
Event: 0.231 Loaded shared library C:\Program Files\Zulu\zulu-21\bin\javafx\vcruntime140_1.dll
Event: 0.232 Loaded shared library C:\Program Files\Zulu\zulu-21\bin\javafx\msvcp140.dll
Event: 0.233 Loaded shared library C:\Program Files\Zulu\zulu-21\bin\javafx\msvcp140_1.dll
Event: 0.234 Loaded shared library C:\Program Files\Zulu\zulu-21\bin\javafx\msvcp140_2.dll
Event: 0.257 Loaded shared library C:\Program Files\Zulu\zulu-21\bin\javafx\prism_d3d.dll
Event: 0.279 Loaded shared library C:\Program Files\Zulu\zulu-21\bin\javafx\glass.dll
Event: 0.339 Loaded shared library C:\Users\berra\AppData\Local\Temp\jSerialComm\2.10.4\jSerialComm.dll

Deoptimization events (20 events):
Event: 0.276 Thread 0x000001a9dc22e050 Uncommon trap: trap_request=0xffffffc6 fr.pc=0x000001a9ed631ce8 relative=0x0000000000000be8
Event: 0.276 Thread 0x000001a9dc22e050 Uncommon trap: reason=bimorphic_or_optimized_type_check action=maybe_recompile pc=0x000001a9ed631ce8 method=java.util.HashMap.putVal(ILjava/lang/Object;Ljava/lang/Object;ZZ)Ljava/lang/Object; @ 56 c2
Event: 0.276 Thread 0x000001a9dc22e050 DEOPT PACKING pc=0x000001a9ed631ce8 sp=0x0000007c5a8fd1c0
Event: 0.276 Thread 0x000001a9dc22e050 DEOPT UNPACKING pc=0x000001a9ed0b7da2 sp=0x0000007c5a8fd0f0 mode 2
Event: 0.276 Thread 0x000001a9dc22e050 Uncommon trap: trap_request=0xffffffc6 fr.pc=0x000001a9ed631ce8 relative=0x0000000000000be8
Event: 0.276 Thread 0x000001a9dc22e050 Uncommon trap: reason=bimorphic_or_optimized_type_check action=maybe_recompile pc=0x000001a9ed631ce8 method=java.util.HashMap.putVal(ILjava/lang/Object;Ljava/lang/Object;ZZ)Ljava/lang/Object; @ 56 c2
Event: 0.276 Thread 0x000001a9dc22e050 DEOPT PACKING pc=0x000001a9ed631ce8 sp=0x0000007c5a8fd1c0
Event: 0.276 Thread 0x000001a9dc22e050 DEOPT UNPACKING pc=0x000001a9ed0b7da2 sp=0x0000007c5a8fd0f0 mode 2
Event: 0.276 Thread 0x000001a9dc22e050 Uncommon trap: trap_request=0xffffffc6 fr.pc=0x000001a9ed631ce8 relative=0x0000000000000be8
Event: 0.276 Thread 0x000001a9dc22e050 Uncommon trap: reason=bimorphic_or_optimized_type_check action=maybe_recompile pc=0x000001a9ed631ce8 method=java.util.HashMap.putVal(ILjava/lang/Object;Ljava/lang/Object;ZZ)Ljava/lang/Object; @ 56 c2
Event: 0.276 Thread 0x000001a9dc22e050 DEOPT PACKING pc=0x000001a9ed631ce8 sp=0x0000007c5a8fd1c0
Event: 0.276 Thread 0x000001a9dc22e050 DEOPT UNPACKING pc=0x000001a9ed0b7da2 sp=0x0000007c5a8fd0f0 mode 2
Event: 0.276 Thread 0x000001a9dc22e050 Uncommon trap: trap_request=0xffffffc6 fr.pc=0x000001a9ed631ce8 relative=0x0000000000000be8
Event: 0.276 Thread 0x000001a9dc22e050 Uncommon trap: reason=bimorphic_or_optimized_type_check action=maybe_recompile pc=0x000001a9ed631ce8 method=java.util.HashMap.putVal(ILjava/lang/Object;Ljava/lang/Object;ZZ)Ljava/lang/Object; @ 56 c2
Event: 0.276 Thread 0x000001a9dc22e050 DEOPT PACKING pc=0x000001a9ed631ce8 sp=0x0000007c5a8fd1c0
Event: 0.276 Thread 0x000001a9dc22e050 DEOPT UNPACKING pc=0x000001a9ed0b7da2 sp=0x0000007c5a8fd0f0 mode 2
Event: 0.276 Thread 0x000001a9dc22e050 Uncommon trap: trap_request=0xffffffc6 fr.pc=0x000001a9ed62c240 relative=0x0000000000000c40
Event: 0.276 Thread 0x000001a9dc22e050 Uncommon trap: reason=bimorphic_or_optimized_type_check action=maybe_recompile pc=0x000001a9ed62c240 method=java.util.HashMap.putVal(ILjava/lang/Object;Ljava/lang/Object;ZZ)Ljava/lang/Object; @ 56 c2
Event: 0.276 Thread 0x000001a9dc22e050 DEOPT PACKING pc=0x000001a9ed62c240 sp=0x0000007c5a8fd140
Event: 0.276 Thread 0x000001a9dc22e050 DEOPT UNPACKING pc=0x000001a9ed0b7da2 sp=0x0000007c5a8fd0f8 mode 2

Classes loaded (20 events):
Event: 0.337 Loading class jdk/internal/icu/util/CodePointTrie$Type
Event: 0.337 Loading class jdk/internal/icu/util/CodePointTrie$Type done
Event: 0.337 Loading class jdk/internal/icu/util/CodePointTrie$ValueWidth
Event: 0.337 Loading class jdk/internal/icu/util/CodePointTrie$ValueWidth done
Event: 0.337 Loading class java/nio/ByteBufferAsCharBufferL
Event: 0.337 Loading class java/nio/ByteBufferAsCharBufferL done
Event: 0.337 Loading class jdk/internal/icu/util/CodePointTrie$Data16
Event: 0.337 Loading class jdk/internal/icu/util/CodePointTrie$Data
Event: 0.337 Loading class jdk/internal/icu/util/CodePointTrie$Data done
Event: 0.337 Loading class jdk/internal/icu/util/CodePointTrie$Data16 done
Event: 0.337 Loading class jdk/internal/icu/impl/Norm2AllModes$ComposeNormalizer2
Event: 0.337 Loading class jdk/internal/icu/impl/Norm2AllModes$Normalizer2WithImpl
Event: 0.337 Loading class jdk/internal/icu/impl/Norm2AllModes$Normalizer2WithImpl done
Event: 0.337 Loading class jdk/internal/icu/impl/Norm2AllModes$ComposeNormalizer2 done
Event: 0.337 Loading class jdk/internal/icu/impl/Norm2AllModes$DecomposeNormalizer2
Event: 0.337 Loading class jdk/internal/icu/impl/Norm2AllModes$DecomposeNormalizer2 done
Event: 0.337 Loading class jdk/internal/icu/impl/NormalizerImpl$UTF16Plus
Event: 0.337 Loading class jdk/internal/icu/impl/NormalizerImpl$UTF16Plus done
Event: 0.337 Loading class java/util/Vector
Event: 0.338 Loading class java/util/Vector done

Classes unloaded (0 events):
No events

Classes redefined (0 events):
No events

Internal exceptions (16 events):
Event: 0.098 Thread 0x000001a9dc22e050 Exception <a 'java/lang/NoSuchMethodError'{0x000000008afb27c8}: 'void java.lang.invoke.DirectMethodHandle$Holder.invokeVirtual(java.lang.Object, java.lang.Object)'> (0x000000008afb27c8) 
thrown [s\src\hotspot\share\interpreter\linkResolver.cpp, line 773]
Event: 0.099 Thread 0x000001a9dc22e050 Exception <a 'java/lang/NoSuchMethodError'{0x000000008afbd548}: 'java.lang.Object java.lang.invoke.DirectMethodHandle$Holder.invokeInterface(java.lang.Object, java.lang.Object, java.lang.Object)'> (0x000000008afbd548) 
thrown [s\src\hotspot\share\interpreter\linkResolver.cpp, line 773]
Event: 0.124 Thread 0x000001a9dc22e050 Exception <a 'java/lang/ClassNotFoundException'{0x000000008ada6300}: com/azul/tooling/Handler> (0x000000008ada6300) 
thrown [s\src\hotspot\share\classfile\systemDictionary.cpp, line 315]
Event: 0.133 Thread 0x000001a9dc22e050 Exception <a 'java/lang/NoSuchMethodError'{0x000000008add18f8}: 'void java.lang.invoke.DirectMethodHandle$Holder.invokeStatic(java.lang.Object, java.lang.Object, java.lang.Object)'> (0x000000008add18f8) 
thrown [s\src\hotspot\share\interpreter\linkResolver.cpp, line 773]
Event: 0.136 Thread 0x000001a9dc22e050 Exception <a 'java/lang/NoSuchMethodError'{0x000000008ade8630}: 'java.lang.Object java.lang.invoke.Invokers$Holder.invokeExact_MT(java.lang.Object, java.lang.Object, java.lang.Object, java.lang.Object, java.lang.Object)'> (0x000000008ade8630) 
thrown [s\src\hotspot\share\interpreter\linkResolver.cpp, line 773]
Event: 0.142 Thread 0x000001a9fe9d78c0 Exception <a 'java/lang/ClassNotFoundException'{0x000000008ac04708}: jdk/net/ExtendedSocketOptions> (0x000000008ac04708) 
thrown [s\src\hotspot\share\classfile\systemDictionary.cpp, line 315]
Event: 0.143 Thread 0x000001a9fe9d78c0 Exception <a 'java/lang/NoSuchMethodError'{0x000000008ac05e78}: 'void java.lang.invoke.DirectMethodHandle$Holder.invokeStatic(java.lang.Object, java.lang.Object)'> (0x000000008ac05e78) 
thrown [s\src\hotspot\share\interpreter\linkResolver.cpp, line 773]
Event: 0.144 Thread 0x000001a9dc22e050 Exception <a 'java/lang/NoSuchMethodError'{0x000000008adfdc20}: 'void java.lang.invoke.DirectMethodHandle$Holder.invokeStatic(java.lang.Object, java.lang.Object, java.lang.Object, java.lang.Object)'> (0x000000008adfdc20) 
thrown [s\src\hotspot\share\interpreter\linkResolver.cpp, line 773]
Event: 0.145 Thread 0x000001a9dc22e050 Exception <a 'java/lang/NoSuchMethodError'{0x000000008ac778b0}: 'void java.lang.invoke.DirectMethodHandle$Holder.invokeSpecial(java.lang.Object, java.lang.Object, java.lang.Object, java.lang.Object, java.lang.Object)'> (0x000000008ac778b0) 
thrown [s\src\hotspot\share\interpreter\linkResolver.cpp, line 773]
Event: 0.147 Thread 0x000001a9dc22e050 Exception <a 'java/lang/NoSuchMethodError'{0x000000008ac89638}: 'java.lang.Object java.lang.invoke.Invokers$Holder.invokeExact_MT(java.lang.Object, java.lang.Object, java.lang.Object, java.lang.Object, java.lang.Object, java.lang.Object)'> (0x000000008ac89638) 
thrown [s\src\hotspot\share\interpreter\linkResolver.cpp, line 773]
Event: 0.245 Thread 0x000001a9dc22e050 Exception <a 'java/lang/NoSuchMethodError'{0x000000008ab7a490}: 'void java.lang.invoke.DirectMethodHandle$Holder.invokeSpecial(java.lang.Object, java.lang.Object, java.lang.Object)'> (0x000000008ab7a490) 
thrown [s\src\hotspot\share\interpreter\linkResolver.cpp, line 773]
Event: 0.270 Thread 0x000001a9dc22e050 Exception <a 'java/lang/NoSuchMethodError'{0x000000008aba6918}: 'int java.lang.invoke.DirectMethodHandle$Holder.invokeStaticInit(java.lang.Object, java.lang.Object, java.lang.Object)'> (0x000000008aba6918) 
thrown [s\src\hotspot\share\interpreter\linkResolver.cpp, line 773]
Event: 0.281 Thread 0x000001a9dc22e050 Exception <a 'java/lang/NoSuchMethodError'{0x000000008abce678}: 'java.lang.Object java.lang.invoke.DirectMethodHandle$Holder.newInvokeSpecial(java.lang.Object, java.lang.Object, int, java.lang.Object)'> (0x000000008abce678) 
thrown [s\src\hotspot\share\interpreter\linkResolver.cpp, line 773]
Event: 0.281 Thread 0x000001a9dc22e050 Exception <a 'java/lang/NoSuchMethodError'{0x000000008abd28c0}: 'java.lang.Object java.lang.invoke.DirectMethodHandle$Holder.invokeSpecial(java.lang.Object, java.lang.Object, java.lang.Object, int, java.lang.Object)'> (0x000000008abd28c0) 
thrown [s\src\hotspot\share\interpreter\linkResolver.cpp, line 773]
Event: 0.318 Thread 0x000001a9febe6d90 Exception <a 'java/lang/NoSuchMethodError'{0x000000008aaa2e10}: 'void java.lang.invoke.DirectMethodHandle$Holder.invokeStaticInit(java.lang.Object)'> (0x000000008aaa2e10) 
thrown [s\src\hotspot\share\interpreter\linkResolver.cpp, line 773]
Event: 0.321 Thread 0x000001a9dc22e050 Exception <a 'java/lang/NoSuchMethodError'{0x000000008abe5fb0}: 'java.lang.Object java.lang.invoke.DirectMethodHandle$Holder.newInvokeSpecial(java.lang.Object, java.lang.Object, java.lang.Object, java.lang.Object, java.lang.Object, java.lang.Object)'> (0x000000008abe5fb0) 
thrown [s\src\hotspot\share\interpreter\linkResolver.cpp, line 773]

ZGC Phase Switch (0 events):
No events

VM Operations (6 events):
Event: 0.108 Executing VM operation: HandshakeAllThreads (Deoptimize)
Event: 0.108 Executing VM operation: HandshakeAllThreads (Deoptimize) done
Event: 0.108 Executing VM operation: HandshakeAllThreads (Deoptimize)
Event: 0.108 Executing VM operation: HandshakeAllThreads (Deoptimize) done
Event: 0.275 Executing VM operation: HandshakeAllThreads (Deoptimize)
Event: 0.275 Executing VM operation: HandshakeAllThreads (Deoptimize) done

Memory protections (0 events):
No events

Nmethod flushes (0 events):
No events

Events (18 events):
Event: 0.019 Thread 0x000001a9dc22e050 Thread added: 0x000001a9dc22e050
Event: 0.031 Thread 0x000001a9dc22e050 Thread added: 0x000001a9f9f9b280
Event: 0.031 Thread 0x000001a9dc22e050 Thread added: 0x000001a9f9f9bfd0
Event: 0.031 Thread 0x000001a9dc22e050 Thread added: 0x000001a9f9fa1900
Event: 0.031 Thread 0x000001a9dc22e050 Thread added: 0x000001a9f9fa8900
Event: 0.031 Thread 0x000001a9dc22e050 Thread added: 0x000001a9f9fac380
Event: 0.031 Thread 0x000001a9dc22e050 Thread added: 0x000001a9f9faddf0
Event: 0.032 Thread 0x000001a9dc22e050 Thread added: 0x000001a9f9fbb6b0
Event: 0.032 Thread 0x000001a9dc22e050 Thread added: 0x000001a9f9fbe190
Event: 0.050 Thread 0x000001a9dc22e050 Thread added: 0x000001a9fe0f1e00
Event: 0.082 Thread 0x000001a9f9fbe190 Thread added: 0x000001a9fe108d80
Event: 0.083 Thread 0x000001a9f9fbe190 Thread added: 0x000001a9fe218a90
Event: 0.138 Thread 0x000001a9dc22e050 Thread added: 0x000001a9fe9d78c0
Event: 0.139 Thread 0x000001a9dc22e050 Thread added: 0x000001a9fe4af3e0
Event: 0.252 Thread 0x000001a9dc22e050 Thread added: 0x000001a9fe4070c0
Event: 0.280 Thread 0x000001a9dc22e050 Thread added: 0x000001a9feb32140
Event: 0.282 Thread 0x000001a9dc22e050 Thread added: 0x000001a9febe6d90
Event: 0.338 Thread 0x000001a9fec29c90 Thread added: 0x000001a9fec29c90


Dynamic libraries:
0x00007ff7b9350000 - 0x00007ff7b935e000 	C:\Program Files\Zulu\zulu-21\bin\java.exe
0x00007ffdd2b50000 - 0x00007ffdd2d67000 	C:\Windows\SYSTEM32\ntdll.dll
0x00007ffdd1850000 - 0x00007ffdd1914000 	C:\Windows\System32\KERNEL32.DLL
0x00007ffdd0010000 - 0x00007ffdd03e2000 	C:\Windows\System32\KERNELBASE.dll
0x00007ffdd0690000 - 0x00007ffdd07a1000 	C:\Windows\System32\ucrtbase.dll
0x00007ffdbe100000 - 0x00007ffdbe119000 	C:\Program Files\Zulu\zulu-21\bin\jli.dll
0x00007ffdbeee0000 - 0x00007ffdbeefe000 	C:\Program Files\Zulu\zulu-21\bin\VCRUNTIME140.dll
0x00007ffdd1400000 - 0x00007ffdd15b1000 	C:\Windows\System32\USER32.dll
0x00007ffdd03f0000 - 0x00007ffdd0416000 	C:\Windows\System32\win32u.dll
0x00007ffdc66a0000 - 0x00007ffdc693b000 	C:\Windows\WinSxS\amd64_microsoft.windows.common-controls_6595b64144ccf1df_6.0.22621.5547_none_27104afb73855772\COMCTL32.dll
0x00007ffdd13d0000 - 0x00007ffdd13f9000 	C:\Windows\System32\GDI32.dll
0x00007ffdd0f90000 - 0x00007ffdd1037000 	C:\Windows\System32\msvcrt.dll
0x00007ffdd0420000 - 0x00007ffdd0543000 	C:\Windows\System32\gdi32full.dll
0x00007ffdcfeb0000 - 0x00007ffdcff4a000 	C:\Windows\System32\msvcp_win.dll
0x00007ffdd1ef0000 - 0x00007ffdd1f21000 	C:\Windows\System32\IMM32.DLL
0x00007ffdbe0f0000 - 0x00007ffdbe0fc000 	C:\Program Files\Zulu\zulu-21\bin\vcruntime140_1.dll
0x00007ffdaea50000 - 0x00007ffdaeadd000 	C:\Program Files\Zulu\zulu-21\bin\msvcp140.dll
0x00007ffd20ed0000 - 0x00007ffd21cb4000 	C:\Program Files\Zulu\zulu-21\bin\server\jvm.dll
0x00007ffdd15c0000 - 0x00007ffdd1671000 	C:\Windows\System32\ADVAPI32.dll
0x00007ffdd1940000 - 0x00007ffdd19e8000 	C:\Windows\System32\sechost.dll
0x00007ffdd07b0000 - 0x00007ffdd07d8000 	C:\Windows\System32\bcrypt.dll
0x00007ffdd29d0000 - 0x00007ffdd2ae4000 	C:\Windows\System32\RPCRT4.dll
0x00007ffdd07e0000 - 0x00007ffdd0851000 	C:\Windows\System32\WS2_32.dll
0x00007ffdceac0000 - 0x00007ffdceb0d000 	C:\Windows\SYSTEM32\POWRPROF.dll
0x00007ffdcb590000 - 0x00007ffdcb5c4000 	C:\Windows\SYSTEM32\WINMM.dll
0x00007ffdcb7e0000 - 0x00007ffdcb7ea000 	C:\Windows\SYSTEM32\VERSION.dll
0x00007ffdceaa0000 - 0x00007ffdceab3000 	C:\Windows\SYSTEM32\UMPDC.dll
0x00007ffdced60000 - 0x00007ffdced78000 	C:\Windows\SYSTEM32\kernel.appcore.dll
0x00007ffdbe0e0000 - 0x00007ffdbe0ea000 	C:\Program Files\Zulu\zulu-21\bin\jimage.dll
0x00007ffdccf40000 - 0x00007ffdcd173000 	C:\Windows\SYSTEM32\DBGHELP.DLL
0x00007ffdd0860000 - 0x00007ffdd0bf3000 	C:\Windows\System32\combase.dll
0x00007ffdd1f30000 - 0x00007ffdd2007000 	C:\Windows\System32\OLEAUT32.dll
0x00007ffdc0000000 - 0x00007ffdc0032000 	C:\Windows\SYSTEM32\dbgcore.DLL
0x00007ffdcfe30000 - 0x00007ffdcfeab000 	C:\Windows\System32\bcryptPrimitives.dll
0x00007ffdc8bc0000 - 0x00007ffdc8bd0000 	C:\Program Files\Zulu\zulu-21\bin\instrument.dll
0x00007ffdba940000 - 0x00007ffdba962000 	C:\Program Files\Zulu\zulu-21\bin\java.dll
0x00007ffdd2010000 - 0x00007ffdd28b2000 	C:\Windows\System32\SHELL32.dll
0x00007ffdd0550000 - 0x00007ffdd068f000 	C:\Windows\System32\wintypes.dll
0x00007ffdcdb70000 - 0x00007ffdce48d000 	C:\Windows\SYSTEM32\windows.storage.dll
0x00007ffdd1740000 - 0x00007ffdd184c000 	C:\Windows\System32\SHCORE.dll
0x00007ffdd16d0000 - 0x00007ffdd1739000 	C:\Windows\System32\shlwapi.dll
0x00007ffdcfb70000 - 0x00007ffdcfb9b000 	C:\Windows\SYSTEM32\profapi.dll
0x00007ffd682e0000 - 0x00007ffd683b7000 	C:\Program Files\Zulu\zulu-21\bin\jsvml.dll
0x00007ffdba830000 - 0x00007ffdba842000 	C:\Program Files\Zulu\zulu-21\bin\net.dll
0x00007ffdcc860000 - 0x00007ffdcc98c000 	C:\Windows\SYSTEM32\WINHTTP.dll
0x00007ffdcf1e0000 - 0x00007ffdcf249000 	C:\Windows\system32\mswsock.dll
0x00007ffdba810000 - 0x00007ffdba826000 	C:\Program Files\Zulu\zulu-21\bin\nio.dll
0x00007ffdba7f0000 - 0x00007ffdba808000 	C:\Program Files\Zulu\zulu-21\bin\zip.dll
0x00007ffdb2650000 - 0x00007ffdb266a000 	C:\Program Files\JetBrains\IntelliJ IDEA Community Edition 2023.2.2\bin\breakgen64.dll
0x000001a9dc1d0000 - 0x000001a9dc1d4000 	C:\Program Files\Zulu\zulu-21\bin\javafx\api-ms-win-core-console-l1-1-0.dll
0x000001a9dc1e0000 - 0x000001a9dc1e4000 	C:\Program Files\Zulu\zulu-21\bin\javafx\api-ms-win-core-console-l1-2-0.dll
0x000001a9ffbd0000 - 0x000001a9ffbd4000 	C:\Program Files\Zulu\zulu-21\bin\javafx\api-ms-win-core-datetime-l1-1-0.dll
0x000001a9ffbe0000 - 0x000001a9ffbe4000 	C:\Program Files\Zulu\zulu-21\bin\javafx\api-ms-win-core-debug-l1-1-0.dll
0x000001a9ffbf0000 - 0x000001a9ffbf4000 	C:\Program Files\Zulu\zulu-21\bin\javafx\api-ms-win-core-errorhandling-l1-1-0.dll
0x000001a9ffc00000 - 0x000001a9ffc05000 	C:\Program Files\Zulu\zulu-21\bin\javafx\api-ms-win-core-file-l1-1-0.dll
0x000001a9ffc10000 - 0x000001a9ffc14000 	C:\Program Files\Zulu\zulu-21\bin\javafx\api-ms-win-core-file-l1-2-0.dll
0x000001a9ffc20000 - 0x000001a9ffc24000 	C:\Program Files\Zulu\zulu-21\bin\javafx\api-ms-win-core-file-l2-1-0.dll
0x000001a9ffc30000 - 0x000001a9ffc34000 	C:\Program Files\Zulu\zulu-21\bin\javafx\api-ms-win-core-handle-l1-1-0.dll
0x000001a9ffc40000 - 0x000001a9ffc44000 	C:\Program Files\Zulu\zulu-21\bin\javafx\api-ms-win-core-heap-l1-1-0.dll
0x000001a9ffc50000 - 0x000001a9ffc54000 	C:\Program Files\Zulu\zulu-21\bin\javafx\api-ms-win-core-interlocked-l1-1-0.dll
0x000001a9ffc60000 - 0x000001a9ffc64000 	C:\Program Files\Zulu\zulu-21\bin\javafx\api-ms-win-core-libraryloader-l1-1-0.dll
0x000001a9ffc70000 - 0x000001a9ffc74000 	C:\Program Files\Zulu\zulu-21\bin\javafx\api-ms-win-core-localization-l1-2-0.dll
0x000001a9ffc80000 - 0x000001a9ffc84000 	C:\Program Files\Zulu\zulu-21\bin\javafx\api-ms-win-core-memory-l1-1-0.dll
0x000001a9ffc90000 - 0x000001a9ffc94000 	C:\Program Files\Zulu\zulu-21\bin\javafx\api-ms-win-core-namedpipe-l1-1-0.dll
0x000001a9ffca0000 - 0x000001a9ffca4000 	C:\Program Files\Zulu\zulu-21\bin\javafx\api-ms-win-core-processenvironment-l1-1-0.dll
0x000001a9ffcb0000 - 0x000001a9ffcb4000 	C:\Program Files\Zulu\zulu-21\bin\javafx\api-ms-win-core-processthreads-l1-1-0.dll
0x000001a9ffcc0000 - 0x000001a9ffcc4000 	C:\Program Files\Zulu\zulu-21\bin\javafx\api-ms-win-core-processthreads-l1-1-1.dll
0x000001a9ffcd0000 - 0x000001a9ffcd4000 	C:\Program Files\Zulu\zulu-21\bin\javafx\api-ms-win-core-profile-l1-1-0.dll
0x000001a9ffce0000 - 0x000001a9ffce4000 	C:\Program Files\Zulu\zulu-21\bin\javafx\api-ms-win-core-rtlsupport-l1-1-0.dll
0x000001a9ffcf0000 - 0x000001a9ffcf4000 	C:\Program Files\Zulu\zulu-21\bin\javafx\api-ms-win-core-string-l1-1-0.dll
0x000001a9ffd00000 - 0x000001a9ffd04000 	C:\Program Files\Zulu\zulu-21\bin\javafx\api-ms-win-core-synch-l1-1-0.dll
0x000001a9ffd10000 - 0x000001a9ffd14000 	C:\Program Files\Zulu\zulu-21\bin\javafx\api-ms-win-core-synch-l1-2-0.dll
0x000001a9ffd20000 - 0x000001a9ffd24000 	C:\Program Files\Zulu\zulu-21\bin\javafx\api-ms-win-core-sysinfo-l1-1-0.dll
0x000001a9ffd30000 - 0x000001a9ffd34000 	C:\Program Files\Zulu\zulu-21\bin\javafx\api-ms-win-core-timezone-l1-1-0.dll
0x000001a9ffd40000 - 0x000001a9ffd44000 	C:\Program Files\Zulu\zulu-21\bin\javafx\api-ms-win-core-util-l1-1-0.dll
0x000001a9ffd50000 - 0x000001a9ffd54000 	C:\Program Files\Zulu\zulu-21\bin\javafx\api-ms-win-crt-conio-l1-1-0.dll
0x000001a9ffd60000 - 0x000001a9ffd65000 	C:\Program Files\Zulu\zulu-21\bin\javafx\api-ms-win-crt-convert-l1-1-0.dll
0x000001a9ffd70000 - 0x000001a9ffd74000 	C:\Program Files\Zulu\zulu-21\bin\javafx\api-ms-win-crt-environment-l1-1-0.dll
0x000001a9ffd80000 - 0x000001a9ffd84000 	C:\Program Files\Zulu\zulu-21\bin\javafx\api-ms-win-crt-filesystem-l1-1-0.dll
0x000001a9ffd90000 - 0x000001a9ffd94000 	C:\Program Files\Zulu\zulu-21\bin\javafx\api-ms-win-crt-heap-l1-1-0.dll
0x000001a9ffda0000 - 0x000001a9ffda4000 	C:\Program Files\Zulu\zulu-21\bin\javafx\api-ms-win-crt-locale-l1-1-0.dll
0x000001a9ffdb0000 - 0x000001a9ffdb6000 	C:\Program Files\Zulu\zulu-21\bin\javafx\api-ms-win-crt-math-l1-1-0.dll
0x000001a9ffdc0000 - 0x000001a9ffdc6000 	C:\Program Files\Zulu\zulu-21\bin\javafx\api-ms-win-crt-multibyte-l1-1-0.dll
0x000001a9ffdd0000 - 0x000001a9ffde1000 	C:\Program Files\Zulu\zulu-21\bin\javafx\api-ms-win-crt-private-l1-1-0.dll
0x000001a9ffdf0000 - 0x000001a9ffdf4000 	C:\Program Files\Zulu\zulu-21\bin\javafx\api-ms-win-crt-process-l1-1-0.dll
0x000001a9ffe00000 - 0x000001a9ffe05000 	C:\Program Files\Zulu\zulu-21\bin\javafx\api-ms-win-crt-runtime-l1-1-0.dll
0x000001a9ffe10000 - 0x000001a9ffe15000 	C:\Program Files\Zulu\zulu-21\bin\javafx\api-ms-win-crt-stdio-l1-1-0.dll
0x000001a9ffe20000 - 0x000001a9ffe25000 	C:\Program Files\Zulu\zulu-21\bin\javafx\api-ms-win-crt-string-l1-1-0.dll
0x000001a9ffe30000 - 0x000001a9ffe34000 	C:\Program Files\Zulu\zulu-21\bin\javafx\api-ms-win-crt-time-l1-1-0.dll
0x000001a9ffe40000 - 0x000001a9ffe44000 	C:\Program Files\Zulu\zulu-21\bin\javafx\api-ms-win-crt-utility-l1-1-0.dll
0x00007ffd68120000 - 0x00007ffd68230000 	C:\Program Files\Zulu\zulu-21\bin\javafx\ucrtbase.dll
0x00007ffdaef50000 - 0x00007ffdaef6b000 	C:\Program Files\Zulu\zulu-21\bin\javafx\vcruntime140.dll
0x00007ffdb25e0000 - 0x00007ffdb25ec000 	C:\Program Files\Zulu\zulu-21\bin\javafx\vcruntime140_1.dll
0x00007ffdaebe0000 - 0x00007ffdaec6e000 	C:\Program Files\Zulu\zulu-21\bin\javafx\msvcp140.dll
0x00007ffdaef40000 - 0x00007ffdaef49000 	C:\Program Files\Zulu\zulu-21\bin\javafx\msvcp140_1.dll
0x00007ffdaeb90000 - 0x00007ffdaebd1000 	C:\Program Files\Zulu\zulu-21\bin\javafx\msvcp140_2.dll
0x00007ffdaeea0000 - 0x00007ffdaeed0000 	C:\Program Files\Zulu\zulu-21\bin\javafx\prism_d3d.dll
0x00007ffd84700000 - 0x00007ffd848a8000 	C:\Windows\system32\d3d9.dll
0x00007ffdcd4b0000 - 0x00007ffdcd4de000 	C:\Windows\SYSTEM32\dwmapi.dll
0x00007ffdcd250000 - 0x00007ffdcd287000 	C:\Windows\SYSTEM32\dxcore.dll
0x00007ffdcce50000 - 0x00007ffdccf04000 	C:\Windows\system32\uxtheme.dll
0x00007ffd7e370000 - 0x00007ffd7e4d5000 	C:\Windows\System32\DriverStore\FileRepository\iigd_dch.inf_amd64_225f37aa3862fc3f\igdumdim64.dll
0x00007ffdd0c90000 - 0x00007ffdd0e30000 	C:\Windows\System32\ole32.dll
0x00007ffd7a710000 - 0x00007ffd7e366000 	C:\Windows\System32\DriverStore\FileRepository\iigd_dch.inf_amd64_225f37aa3862fc3f\igd9dxva64.dll
0x00007ffdd1a70000 - 0x00007ffdd1ee4000 	C:\Windows\System32\SETUPAPI.dll
0x00007ffdcf930000 - 0x00007ffdcf97e000 	C:\Windows\SYSTEM32\cfgmgr32.dll
0x00007ffdc3f80000 - 0x00007ffdc4341000 	C:\Windows\System32\DriverStore\FileRepository\iigd_dch.inf_amd64_225f37aa3862fc3f\igdgmm64.dll
0x00007ffdc7f20000 - 0x00007ffdc7f6a000 	C:\Windows\SYSTEM32\directxdatabasehelper.dll
0x00007ffd9dbb0000 - 0x00007ffd9dbf5000 	C:\Program Files\Zulu\zulu-21\bin\javafx\glass.dll
0x00007ffdd28c0000 - 0x00007ffdd29c5000 	C:\Windows\System32\COMDLG32.dll
0x00007ffdd0e30000 - 0x00007ffdd0f90000 	C:\Windows\System32\MSCTF.dll
0x00007ffdbae20000 - 0x00007ffdbae47000 	C:\Windows\System32\DriverStore\FileRepository\iigd_dch.inf_amd64_225f37aa3862fc3f\igdinfo64.dll
0x00007ffdc0d70000 - 0x00007ffdc3f76000 	C:\Windows\System32\DriverStore\FileRepository\iigd_dch.inf_amd64_225f37aa3862fc3f\igc64.dll
0x00007ffdd10b0000 - 0x00007ffdd1160000 	C:\Windows\System32\clbcatq.dll
0x00007ffd941c0000 - 0x00007ffd9433e000 	C:\Windows\System32\Windows.UI.dll
0x00007ffd9e840000 - 0x00007ffd9e9b5000 	C:\Windows\System32\Windows.UI.Immersive.dll
0x00007ffda3d40000 - 0x00007ffda3d79000 	C:\Users\berra\AppData\Local\Temp\jSerialComm\2.10.4\jSerialComm.dll
0x00007ffdcf900000 - 0x00007ffdcf92c000 	C:\Windows\SYSTEM32\DEVOBJ.dll
0x00007ffdcfc40000 - 0x00007ffdcfcbc000 	C:\Windows\System32\WINTRUST.dll
0x00007ffdcfcc0000 - 0x00007ffdcfe27000 	C:\Windows\System32\CRYPT32.dll
0x00007ffdcf490000 - 0x00007ffdcf4a2000 	C:\Windows\SYSTEM32\MSASN1.dll

JVMTI agents:
C:\Program Files\JetBrains\IntelliJ IDEA Community Edition 2023.2.2\lib\idea_rt.jar path:C:\Program Files\Zulu\zulu-21\bin\instrument.dll, loaded, initialized, instrumentlib options:59639:C:\Program Files\JetBrains\IntelliJ IDEA Community Edition 2023.2.2\bin

dbghelp: loaded successfully - version: 4.0.5 - missing functions: none
symbol engine: initialized successfully - sym options: 0x614 - pdb path: .;C:\Program Files\Zulu\zulu-21\bin;C:\Windows\SYSTEM32;C:\Windows\WinSxS\amd64_microsoft.windows.common-controls_6595b64144ccf1df_6.0.22621.5547_none_27104afb73855772;C:\Program Files\Zulu\zulu-21\bin\server;C:\Program Files\JetBrains\IntelliJ IDEA Community Edition 2023.2.2\bin;C:\Program Files\Zulu\zulu-21\bin\javafx;C:\Windows\System32\DriverStore\FileRepository\iigd_dch.inf_amd64_225f37aa3862fc3f;C:\Users\berra\AppData\Local\Temp\jSerialComm\2.10.4

VM Arguments:
jvm_args: -javaagent:C:\Program Files\JetBrains\IntelliJ IDEA Community Edition 2023.2.2\lib\idea_rt.jar=59639:C:\Program Files\JetBrains\IntelliJ IDEA Community Edition 2023.2.2\bin -Dfile.encoding=UTF-8 -Dsun.stdout.encoding=UTF-8 -Dsun.stderr.encoding=UTF-8 --module-path=C:\Users\berra\.m2\repository\org\openjfx\javafx-base\23\javafx-base-23-win.jar;C:\Users\berra\.m2\repository\org\openjfx\javafx-graphics\21-ea+24\javafx-graphics-21-ea+24-win.jar;C:\Users\berra\OneDrive\Masaüstü\410-github\potentiometer\target\classes;C:\Users\berra\.m2\repository\org\openjfx\javafx-fxml\21-ea+24\javafx-fxml-21-ea+24-win.jar;C:\Users\berra\.m2\repository\org\openjfx\javafx-controls\21-ea+24\javafx-controls-21-ea+24-win.jar;C:\Users\berra\.m2\repository\com\fazecast\jSerialComm\2.10.4\jSerialComm-2.10.4.jar -Djdk.module.main=com.example.potentiometer 
java_command: com.example.potentiometer/com.example.potentiometer.HelloApplication
java_class_path (initial): C:\Users\berra\.m2\repository\org\openjfx\javafx-controls\21-ea+24\javafx-controls-21-ea+24.jar;C:\Users\berra\.m2\repository\org\openjfx\javafx-graphics\21-ea+24\javafx-graphics-21-ea+24.jar;C:\Users\berra\.m2\repository\org\openjfx\javafx-fxml\21-ea+24\javafx-fxml-21-ea+24.jar;C:\Users\berra\.m2\repository\eu\hansolo\Medusa\21.0.9\medusa-21.0.9.jar;C:\Users\berra\.m2\repository\eu\hansolo\toolboxfx\21.0.7\toolboxfx-21.0.7.jar;C:\Users\berra\.m2\repository\eu\hansolo\toolbox\21.0.11\toolbox-21.0.11.jar;C:\Users\berra\.m2\repository\org\openjfx\javafx-base\23\javafx-base-23.jar;C:\Users\berra\.m2\repository\org\openjfx\javafx-swing\23\javafx-swing-23.jar;C:\Users\berra\.m2\repository\org\openjfx\javafx-swing\23\javafx-swing-23-win.jar
Launcher Type: SUN_STANDARD

[Global flags]
     intx CICompilerCount                          = 4                                         {product} {ergonomic}
     uint ConcGCThreads                            = 2                                         {product} {ergonomic}
     uint G1ConcRefinementThreads                  = 8                                         {product} {ergonomic}
   size_t G1HeapRegionSize                         = 1048576                                   {product} {ergonomic}
    uintx GCDrainStackTargetSize                   = 64                                        {product} {ergonomic}
   size_t InitialHeapSize                          = 132120576                                 {product} {ergonomic}
   size_t MarkStackSize                            = 4194304                                   {product} {ergonomic}
   size_t MaxHeapSize                              = 2090860544                                {product} {ergonomic}
   size_t MaxNewSize                               = 1254096896                                {product} {ergonomic}
   size_t MinHeapDeltaBytes                        = 1048576                                   {product} {ergonomic}
   size_t MinHeapSize                              = 8388608                                   {product} {ergonomic}
    uintx NonNMethodCodeHeapSize                   = 5839372                                {pd product} {ergonomic}
    uintx NonProfiledCodeHeapSize                  = 122909434                              {pd product} {ergonomic}
    uintx ProfiledCodeHeapSize                     = 122909434                              {pd product} {ergonomic}
    uintx ReservedCodeCacheSize                    = 251658240                              {pd product} {ergonomic}
     bool SegmentedCodeCache                       = true                                      {product} {ergonomic}
   size_t SoftMaxHeapSize                          = 2090860544                             {manageable} {ergonomic}
     bool UseCompressedOops                        = true                           {product lp64_product} {ergonomic}
     bool UseG1GC                                  = true                                      {product} {ergonomic}
     bool UseLargePagesIndividualAllocation        = false                                  {pd product} {ergonomic}

Logging:
Log output configuration:
 #0: stdout all=warning uptime,level,tags foldmultilines=false
 #1: stderr all=off uptime,level,tags foldmultilines=false

Environment Variables:
PATH=c:\Users\berra\AppData\Local\Programs\cursor\resources\app\bin;C:\Windows\System32\HWAudioDriverLibs;C:\Windows\system32;C:\Windows;C:\Windows\System32\Wbem;C:\Windows\System32\WindowsPowerShell\v1.0\;C:\Windows\System32\OpenSSH\;C:\Users\Administrator\AppData\Local\Microsoft\WindowsApps;C:\Program Files (x86)\Windows Kits\10\Windows Performance Toolkit\;C:\src\flutter\bin;c:\Users\berra\AppData\Local\Programs\cursor\resources\app\bin;c:\Users\berra\AppData\Local\Programs\cursor\resources\app\bin;C:\Program Files\MySQL\MySQL Server 8.0\bin;C:\Program Files\nodejs\;C:\Program Files\Graphviz\bin;C:\Program Files\Git\cmd;C:\Program Files\PuTTY\;C:\Program Files\MySQL\MySQL Shell 8.0\bin\;C:\src\flutter\bin;C:\Users\berra\AppData\Local\Programs\Microsoft VS Code\bin;C:\Program Files\JetBrains\DataGrip 2024.3.2\bin;;C:\Users\berra\AppData\Local\Programs\cursor\resources\app\bin;C:\Users\berra\AppData\Roaming\npm;C:\Users\berra\AppData\Local\GitHubDesktop\bin
USERNAME=berra
OS=Windows_NT
PROCESSOR_IDENTIFIER=Intel64 Family 6 Model 140 Stepping 2, GenuineIntel
TMP=C:\Users\berra\AppData\Local\Temp
TEMP=C:\Users\berra\AppData\Local\Temp




Periodic native trim disabled

---------------  S Y S T E M  ---------------

OS:
 Windows 11 , 64 bit Build 22621 (10.0.22621.5415)
OS uptime: 0 days 6:34 hours

CPU: total 8 (initial active 8) (4 cores per cpu, 2 threads per core) family 6 model 140 stepping 2 microcode 0x16, cx8, cmov, fxsr, ht, mmx, 3dnowpref, sse, sse2, sse3, ssse3, sse4.1, sse4.2, popcnt, lzcnt, tsc, tscinvbit, avx, avx2, aes, erms, clmul, bmi1, bmi2, adx, avx512f, avx512dq, avx512cd, avx512bw, avx512vl, sha, fma, vzeroupper, avx512_vpopcntdq, avx512_vpclmulqdq, avx512_vaes, avx512_vnni, clflush, clflushopt, clwb, avx512_vbmi2, avx512_vbmi, rdtscp, rdpid, fsrm, gfni, avx512_bitalg, f16c, pku, cet_ibt, cet_ss, avx512_ifma
Processor Information for the first 8 processors :
  Max Mhz: 2496, Current Mhz: 2496, Mhz Limit: 2496

Memory: 4k page, system-wide physical 7975M (712M free)
TotalPageFile size 16002M (AvailPageFile size 2436M)
current process WorkingSet (physical memory assigned to process): 100M, peak: 100M
current process commit charge ("private bytes"): 253M, peak: 253M

vm_info: OpenJDK 64-Bit Server VM (21.0.8+9-LTS) for windows-amd64 JRE (21.0.8+9-LTS) (Zulu21.44+17-CA), built on 2025-06-30T16:20:03Z by "zulu_re" with MS VC++ 17.1 (VS2022)

END.
